Using pre-set license
Built from '2020.3/staging' branch; Version is '2020.3.8f1 (507919d4fff5) revision 5273881'; Using compiler version '192528614'; Build Type 'Release'
OS: 'Windows 10 Pro; OS build 19043.1110; Version 2009; 64bit' Language: 'tr' Physical Memory: 16267 MB
BatchMode: 1, IsHumanControllingUs: 0, StartBugReporterOnCrash: 0, Is64bit: 1, IsPro: 0

 COMMAND LINE ARGUMENTS:
C:\Program Files\Unity\Hub\Editor\2020.3.8f1\Editor\Unity.exe
-adb2
-batchMode
-noUpm
-name
AssetImportWorker0
-projectPath
D:/Belgeler/My Projects/NewProject-050821
-logFile
Logs/AssetImportWorker0.log
-srvPort
54052
Successfully changed project path to: D:/Belgeler/My Projects/NewProject-050821
D:/Belgeler/My Projects/NewProject-050821
Using Asset Import Pipeline V2.
Refreshing native plugins compatible for Editor in 29.35 ms, found 0 plugins.
Preloading 0 native plugins for Editor in 0.00 ms.
Initialize engine version: 2020.3.8f1 (507919d4fff5)
[Subsystems] Discovering subsystems at path C:/Program Files/Unity/Hub/Editor/2020.3.8f1/Editor/Data/Resources/UnitySubsystems
[Subsystems] Discovering subsystems at path D:/Belgeler/My Projects/NewProject-050821/Assets
GfxDevice: creating device client; threaded=0
Direct3D:
    Version:  Direct3D 11.0 [level 11.1]
    Renderer: NVIDIA GeForce GTX 1060 3GB (ID=0x1c02)
    Vendor:   
    VRAM:     2988 MB
    Driver:   27.21.14.6172
Initialize mono
Mono path[0] = 'C:/Program Files/Unity/Hub/Editor/2020.3.8f1/Editor/Data/Managed'
Mono path[1] = 'C:/Program Files/Unity/Hub/Editor/2020.3.8f1/Editor/Data/MonoBleedingEdge/lib/mono/unityjit'
Mono config path = 'C:/Program Files/Unity/Hub/Editor/2020.3.8f1/Editor/Data/MonoBleedingEdge/etc'
Using monoOptions --debugger-agent=transport=dt_socket,embedding=1,server=y,suspend=n,address=127.0.0.1:56808
Begin MonoManager ReloadAssembly
Registering precompiled unity dll's ...
Register platform support module: C:/Program Files/Unity/Hub/Editor/2020.3.8f1/Editor/Data/PlaybackEngines/WindowsStandaloneSupport/UnityEditor.WindowsStandalone.Extensions.dll
Registered in 0.002255 seconds.
Native extension for WindowsStandalone target not found
Refreshing native plugins compatible for Editor in 27.59 ms, found 0 plugins.
Preloading 0 native plugins for Editor in 0.00 ms.
Mono: successfully reloaded assembly
- Completed reload, in  1.246 seconds
Platform modules already initialized, skipping
Registering precompiled user dll's ...
Registered in 0.000636 seconds.
Begin MonoManager ReloadAssembly
Native extension for WindowsStandalone target not found
Refreshing native plugins compatible for Editor in 0.22 ms, found 0 plugins.
Preloading 0 native plugins for Editor in 0.00 ms.
Mono: successfully reloaded assembly
- Completed reload, in  0.929 seconds
Platform modules already initialized, skipping
========================================================================
Worker process is ready to serve import requests
Launched and connected shader compiler UnityShaderCompiler.exe after 0.05 seconds
Refreshing native plugins compatible for Editor in 0.24 ms, found 0 plugins.
Preloading 0 native plugins for Editor in 0.00 ms.
Unloading 1263 Unused Serialized files (Serialized files now loaded: 0)
System memory in use before: 62.3 MB.
System memory in use after: 62.3 MB.

Unloading 11 unused Assets to reduce memory usage. Loaded Objects now: 1705.
Total: 1.973100 ms (FindLiveObjects: 0.189800 ms CreateObjectMapping: 0.042300 ms MarkObjects: 1.620800 ms  DeleteObjects: 0.119300 ms)

========================================================================
Received Import Request.
  path: Assets/Materials/ObsMaterial.mat
  artifactKey: Guid(4745b120667693548ab8600616f42f16) Importer(815301076,1909f56bfc062723c751e8b465ee728b)
Start importing Assets/Materials/ObsMaterial.mat using Guid(4745b120667693548ab8600616f42f16) Importer(815301076,1909f56bfc062723c751e8b465ee728b)  -> (artifact id: 'c151f3f138e86de220bad6b536226cfe') in 0.178912 seconds
  Import took 0.180906 seconds .

========================================================================
Received Import Request.
  Time since last request: 0.000378 seconds.
  path: Assets/Materials/GroundMaterial.mat
  artifactKey: Guid(89062b2133cdb854384a38b5ad3bb563) Importer(815301076,1909f56bfc062723c751e8b465ee728b)
Start importing Assets/Materials/GroundMaterial.mat using Guid(89062b2133cdb854384a38b5ad3bb563) Importer(815301076,1909f56bfc062723c751e8b465ee728b)  -> (artifact id: '9b84f21c96f56bf7aedb38af2edb95dd') in 0.019262 seconds
  Import took 0.021506 seconds .

========================================================================
Received Import Request.
  Time since last request: 0.001854 seconds.
  path: Assets/Materials/GroundMaterial.mat
  artifactKey: Guid(89062b2133cdb854384a38b5ad3bb563) Importer(815301076,1909f56bfc062723c751e8b465ee728b)
Start importing Assets/Materials/GroundMaterial.mat using Guid(89062b2133cdb854384a38b5ad3bb563) Importer(815301076,1909f56bfc062723c751e8b465ee728b)  -> (artifact id: '9b84f21c96f56bf7aedb38af2edb95dd') in 0.012550 seconds
  Import took 0.017100 seconds .

========================================================================
Received Import Request.
  Time since last request: 14.298181 seconds.
  path: Assets/Scripts/PlayerMovement.cs
  artifactKey: Guid(2fccae5a4058f4d40844d48f2f990459) Importer(815301076,1909f56bfc062723c751e8b465ee728b)
Start importing Assets/Scripts/PlayerMovement.cs using Guid(2fccae5a4058f4d40844d48f2f990459) Importer(815301076,1909f56bfc062723c751e8b465ee728b)  -> (artifact id: '4bb51d3c084997caafc7bd1327bfb22d') in 0.009058 seconds
  Import took 0.011246 seconds .

========================================================================
Received Import Request.
  Time since last request: 0.031658 seconds.
  path: Assets/Scripts/PlayerMovement.cs
  artifactKey: Guid(2fccae5a4058f4d40844d48f2f990459) Importer(815301076,1909f56bfc062723c751e8b465ee728b)
Start importing Assets/Scripts/PlayerMovement.cs using Guid(2fccae5a4058f4d40844d48f2f990459) Importer(815301076,1909f56bfc062723c751e8b465ee728b)  -> (artifact id: '4bb51d3c084997caafc7bd1327bfb22d') in 0.002548 seconds
  Import took 0.005502 seconds .

========================================================================
Received Import Request.
  Time since last request: 20.228079 seconds.
  path: Assets/Scripts/PlayerMovement.cs
  artifactKey: Guid(2fccae5a4058f4d40844d48f2f990459) Importer(815301076,1909f56bfc062723c751e8b465ee728b)
Start importing Assets/Scripts/PlayerMovement.cs using Guid(2fccae5a4058f4d40844d48f2f990459) Importer(815301076,1909f56bfc062723c751e8b465ee728b)  -> (artifact id: 'c4764bdde7b5013d3de876d768871d73') in 0.011065 seconds
  Import took 0.013834 seconds .

========================================================================
Received Import Request.
  Time since last request: 0.004545 seconds.
  path: Assets/Scripts/PlayerMovement.cs
  artifactKey: Guid(2fccae5a4058f4d40844d48f2f990459) Importer(815301076,1909f56bfc062723c751e8b465ee728b)
Start importing Assets/Scripts/PlayerMovement.cs using Guid(2fccae5a4058f4d40844d48f2f990459) Importer(815301076,1909f56bfc062723c751e8b465ee728b)  -> (artifact id: 'c4764bdde7b5013d3de876d768871d73') in 0.006218 seconds
  Import took 0.009435 seconds .

========================================================================
Received Import Request.
  Time since last request: 5.444846 seconds.
  path: Assets/Scripts/PlayerMovement.cs
  artifactKey: Guid(2fccae5a4058f4d40844d48f2f990459) Importer(815301076,1909f56bfc062723c751e8b465ee728b)
Start importing Assets/Scripts/PlayerMovement.cs using Guid(2fccae5a4058f4d40844d48f2f990459) Importer(815301076,1909f56bfc062723c751e8b465ee728b)  -> (artifact id: '28a329fae14a680fb5eee1a82f9995ea') in 0.006894 seconds
  Import took 0.009867 seconds .

========================================================================
Received Import Request.
  Time since last request: 13.425792 seconds.
  path: Assets/Scripts/PlayerMovement.cs
  artifactKey: Guid(2fccae5a4058f4d40844d48f2f990459) Importer(815301076,1909f56bfc062723c751e8b465ee728b)
Start importing Assets/Scripts/PlayerMovement.cs using Guid(2fccae5a4058f4d40844d48f2f990459) Importer(815301076,1909f56bfc062723c751e8b465ee728b)  -> (artifact id: 'c18dd84520f31b3bd372b95f2b69e317') in 0.010898 seconds
  Import took 0.013494 seconds .

========================================================================
Received Import Request.
  Time since last request: 251.789943 seconds.
  path: Assets/Scripts/PlayerMovement.cs
  artifactKey: Guid(2fccae5a4058f4d40844d48f2f990459) Importer(815301076,1909f56bfc062723c751e8b465ee728b)
Start importing Assets/Scripts/PlayerMovement.cs using Guid(2fccae5a4058f4d40844d48f2f990459) Importer(815301076,1909f56bfc062723c751e8b465ee728b)  -> (artifact id: 'f88e359447fd41b03cc6868b67ed7abe') in 0.010498 seconds
  Import took 0.013568 seconds .

========================================================================
Received Import Request.
  Time since last request: 14.723540 seconds.
  path: Assets/Scripts/PlayerMovement.cs
  artifactKey: Guid(2fccae5a4058f4d40844d48f2f990459) Importer(815301076,1909f56bfc062723c751e8b465ee728b)
Start importing Assets/Scripts/PlayerMovement.cs using Guid(2fccae5a4058f4d40844d48f2f990459) Importer(815301076,1909f56bfc062723c751e8b465ee728b)  -> (artifact id: '9ac0e7fde527aad3e6d2c423895f5da1') in 0.010466 seconds
  Import took 0.013019 seconds .

========================================================================
Received Prepare
Registering precompiled user dll's ...
Registered in 0.000569 seconds.
Begin MonoManager ReloadAssembly
Native extension for WindowsStandalone target not found
Refreshing native plugins compatible for Editor in 0.23 ms, found 0 plugins.
Preloading 0 native plugins for Editor in 0.00 ms.
Mono: successfully reloaded assembly
- Completed reload, in  0.885 seconds
Platform modules already initialized, skipping
Refreshing native plugins compatible for Editor in 0.24 ms, found 0 plugins.
Preloading 0 native plugins for Editor in 0.00 ms.
Unloading 1256 Unused Serialized files (Serialized files now loaded: 0)
System memory in use before: 65.3 MB.
System memory in use after: 65.4 MB.

Unloading 6 unused Assets to reduce memory usage. Loaded Objects now: 1748.
Total: 1.839200 ms (FindLiveObjects: 0.131400 ms CreateObjectMapping: 0.035800 ms MarkObjects: 1.535300 ms  DeleteObjects: 0.135700 ms)

========================================================================
Received Prepare
Registering precompiled user dll's ...
Registered in 0.000573 seconds.
Begin MonoManager ReloadAssembly
Native extension for WindowsStandalone target not found
Refreshing native plugins compatible for Editor in 0.23 ms, found 0 plugins.
Preloading 0 native plugins for Editor in 0.00 ms.
Mono: successfully reloaded assembly
- Completed reload, in  0.883 seconds
Platform modules already initialized, skipping
Refreshing native plugins compatible for Editor in 0.24 ms, found 0 plugins.
Preloading 0 native plugins for Editor in 0.00 ms.
Unloading 1256 Unused Serialized files (Serialized files now loaded: 0)
System memory in use before: 65.3 MB.
System memory in use after: 65.4 MB.

Unloading 6 unused Assets to reduce memory usage. Loaded Objects now: 1751.
Total: 1.809900 ms (FindLiveObjects: 0.133700 ms CreateObjectMapping: 0.039300 ms MarkObjects: 1.546000 ms  DeleteObjects: 0.090100 ms)

========================================================================
Received Prepare
Registering precompiled user dll's ...
Registered in 0.000576 seconds.
Begin MonoManager ReloadAssembly
Native extension for WindowsStandalone target not found
Refreshing native plugins compatible for Editor in 0.23 ms, found 0 plugins.
Preloading 0 native plugins for Editor in 0.00 ms.
Mono: successfully reloaded assembly
- Completed reload, in  0.883 seconds
Platform modules already initialized, skipping
Refreshing native plugins compatible for Editor in 0.27 ms, found 0 plugins.
Preloading 0 native plugins for Editor in 0.00 ms.
Unloading 1256 Unused Serialized files (Serialized files now loaded: 0)
System memory in use before: 65.4 MB.
System memory in use after: 65.4 MB.

Unloading 6 unused Assets to reduce memory usage. Loaded Objects now: 1754.
Total: 1.895500 ms (FindLiveObjects: 0.126400 ms CreateObjectMapping: 0.034700 ms MarkObjects: 1.643300 ms  DeleteObjects: 0.090300 ms)

========================================================================
Received Prepare
Registering precompiled user dll's ...
Registered in 0.000549 seconds.
Begin MonoManager ReloadAssembly
Native extension for WindowsStandalone target not found
Refreshing native plugins compatible for Editor in 0.23 ms, found 0 plugins.
Preloading 0 native plugins for Editor in 0.00 ms.
Mono: successfully reloaded assembly
- Completed reload, in  0.849 seconds
Platform modules already initialized, skipping
Refreshing native plugins compatible for Editor in 0.25 ms, found 0 plugins.
Preloading 0 native plugins for Editor in 0.00 ms.
Unloading 1256 Unused Serialized files (Serialized files now loaded: 0)
System memory in use before: 65.4 MB.
System memory in use after: 65.4 MB.

Unloading 6 unused Assets to reduce memory usage. Loaded Objects now: 1757.
Total: 1.853500 ms (FindLiveObjects: 0.132100 ms CreateObjectMapping: 0.037000 ms MarkObjects: 1.595900 ms  DeleteObjects: 0.087600 ms)

========================================================================
Received Prepare
Registering precompiled user dll's ...
Registered in 0.000677 seconds.
Begin MonoManager ReloadAssembly
Native extension for WindowsStandalone target not found
Refreshing native plugins compatible for Editor in 0.22 ms, found 0 plugins.
Preloading 0 native plugins for Editor in 0.00 ms.
Mono: successfully reloaded assembly
- Completed reload, in  0.960 seconds
Platform modules already initialized, skipping
Refreshing native plugins compatible for Editor in 0.26 ms, found 0 plugins.
Preloading 0 native plugins for Editor in 0.00 ms.
Unloading 1256 Unused Serialized files (Serialized files now loaded: 0)
System memory in use before: 65.4 MB.
System memory in use after: 65.4 MB.

Unloading 6 unused Assets to reduce memory usage. Loaded Objects now: 1760.
Total: 1.862200 ms (FindLiveObjects: 0.129800 ms CreateObjectMapping: 0.035800 ms MarkObjects: 1.614300 ms  DeleteObjects: 0.063700 ms)

========================================================================
Received Prepare
Registering precompiled user dll's ...
Registered in 0.000809 seconds.
Begin MonoManager ReloadAssembly
Native extension for WindowsStandalone target not found
Refreshing native plugins compatible for Editor in 0.24 ms, found 0 plugins.
Preloading 0 native plugins for Editor in 0.00 ms.
Mono: successfully reloaded assembly
- Completed reload, in  0.874 seconds
Platform modules already initialized, skipping
Refreshing native plugins compatible for Editor in 0.27 ms, found 0 plugins.
Preloading 0 native plugins for Editor in 0.00 ms.
Unloading 1256 Unused Serialized files (Serialized files now loaded: 0)
System memory in use before: 65.4 MB.
System memory in use after: 65.5 MB.

Unloading 6 unused Assets to reduce memory usage. Loaded Objects now: 1763.
Total: 1.876600 ms (FindLiveObjects: 0.134800 ms CreateObjectMapping: 0.035800 ms MarkObjects: 1.614800 ms  DeleteObjects: 0.090200 ms)

========================================================================
Received Prepare
Registering precompiled user dll's ...
Registered in 0.000610 seconds.
Begin MonoManager ReloadAssembly
Native extension for WindowsStandalone target not found
Refreshing native plugins compatible for Editor in 0.22 ms, found 0 plugins.
Preloading 0 native plugins for Editor in 0.00 ms.
Mono: successfully reloaded assembly
- Completed reload, in  0.875 seconds
Platform modules already initialized, skipping
Refreshing native plugins compatible for Editor in 0.31 ms, found 0 plugins.
Preloading 0 native plugins for Editor in 0.00 ms.
Unloading 1256 Unused Serialized files (Serialized files now loaded: 0)
System memory in use before: 65.4 MB.
System memory in use after: 65.5 MB.

Unloading 6 unused Assets to reduce memory usage. Loaded Objects now: 1766.
Total: 1.783900 ms (FindLiveObjects: 0.128300 ms CreateObjectMapping: 0.034800 ms MarkObjects: 1.530600 ms  DeleteObjects: 0.089400 ms)

========================================================================
Received Prepare
Registering precompiled user dll's ...
Registered in 0.000664 seconds.
Begin MonoManager ReloadAssembly
Native extension for WindowsStandalone target not found
Refreshing native plugins compatible for Editor in 0.23 ms, found 0 plugins.
Preloading 0 native plugins for Editor in 0.00 ms.
Mono: successfully reloaded assembly
- Completed reload, in  0.900 seconds
Platform modules already initialized, skipping
Refreshing native plugins compatible for Editor in 0.27 ms, found 0 plugins.
Preloading 0 native plugins for Editor in 0.00 ms.
Unloading 1256 Unused Serialized files (Serialized files now loaded: 0)
System memory in use before: 65.4 MB.
System memory in use after: 65.5 MB.

Unloading 6 unused Assets to reduce memory usage. Loaded Objects now: 1769.
Total: 3.729500 ms (FindLiveObjects: 0.214400 ms CreateObjectMapping: 0.094800 ms MarkObjects: 3.350600 ms  DeleteObjects: 0.068000 ms)

========================================================================
Received Prepare
Registering precompiled user dll's ...
Registered in 0.000604 seconds.
Begin MonoManager ReloadAssembly
Native extension for WindowsStandalone target not found
Refreshing native plugins compatible for Editor in 0.23 ms, found 0 plugins.
Preloading 0 native plugins for Editor in 0.00 ms.
Mono: successfully reloaded assembly
- Completed reload, in  0.866 seconds
Platform modules already initialized, skipping
Refreshing native plugins compatible for Editor in 0.24 ms, found 0 plugins.
Preloading 0 native plugins for Editor in 0.00 ms.
Unloading 1256 Unused Serialized files (Serialized files now loaded: 0)
System memory in use before: 65.4 MB.
System memory in use after: 65.5 MB.

Unloading 6 unused Assets to reduce memory usage. Loaded Objects now: 1772.
Total: 2.604500 ms (FindLiveObjects: 0.414500 ms CreateObjectMapping: 0.087400 ms MarkObjects: 2.025800 ms  DeleteObjects: 0.070700 ms)

========================================================================
Received Prepare
Registering precompiled user dll's ...
Registered in 0.000584 seconds.
Begin MonoManager ReloadAssembly
Native extension for WindowsStandalone target not found
Refreshing native plugins compatible for Editor in 0.23 ms, found 0 plugins.
Preloading 0 native plugins for Editor in 0.00 ms.
Mono: successfully reloaded assembly
- Completed reload, in  0.873 seconds
Platform modules already initialized, skipping
Refreshing native plugins compatible for Editor in 0.29 ms, found 0 plugins.
Preloading 0 native plugins for Editor in 0.00 ms.
Unloading 1256 Unused Serialized files (Serialized files now loaded: 0)
System memory in use before: 65.4 MB.
System memory in use after: 65.5 MB.

Unloading 6 unused Assets to reduce memory usage. Loaded Objects now: 1775.
Total: 1.667700 ms (FindLiveObjects: 0.126800 ms CreateObjectMapping: 0.034700 ms MarkObjects: 1.417000 ms  DeleteObjects: 0.088400 ms)

========================================================================
Received Prepare
Registering precompiled user dll's ...
Registered in 0.000564 seconds.
Begin MonoManager ReloadAssembly
Native extension for WindowsStandalone target not found
Refreshing native plugins compatible for Editor in 0.23 ms, found 0 plugins.
Preloading 0 native plugins for Editor in 0.00 ms.
Mono: successfully reloaded assembly
- Completed reload, in  0.894 seconds
Platform modules already initialized, skipping
Refreshing native plugins compatible for Editor in 0.24 ms, found 0 plugins.
Preloading 0 native plugins for Editor in 0.00 ms.
Unloading 1256 Unused Serialized files (Serialized files now loaded: 0)
System memory in use before: 65.4 MB.
System memory in use after: 65.5 MB.

Unloading 6 unused Assets to reduce memory usage. Loaded Objects now: 1778.
Total: 1.863400 ms (FindLiveObjects: 0.136600 ms CreateObjectMapping: 0.036800 ms MarkObjects: 1.594600 ms  DeleteObjects: 0.094600 ms)

========================================================================
Received Prepare
Registering precompiled user dll's ...
Registered in 0.000566 seconds.
Begin MonoManager ReloadAssembly
Native extension for WindowsStandalone target not found
Refreshing native plugins compatible for Editor in 0.22 ms, found 0 plugins.
Preloading 0 native plugins for Editor in 0.00 ms.
Mono: successfully reloaded assembly
- Completed reload, in  0.870 seconds
Platform modules already initialized, skipping
Refreshing native plugins compatible for Editor in 0.23 ms, found 0 plugins.
Preloading 0 native plugins for Editor in 0.00 ms.
Unloading 1256 Unused Serialized files (Serialized files now loaded: 0)
System memory in use before: 65.4 MB.
System memory in use after: 65.5 MB.

Unloading 6 unused Assets to reduce memory usage. Loaded Objects now: 1781.
Total: 1.815300 ms (FindLiveObjects: 0.133800 ms CreateObjectMapping: 0.035800 ms MarkObjects: 1.593000 ms  DeleteObjects: 0.051800 ms)

========================================================================
Received Prepare
Registering precompiled user dll's ...
Registered in 0.000587 seconds.
Begin MonoManager ReloadAssembly
Native extension for WindowsStandalone target not found
Refreshing native plugins compatible for Editor in 0.23 ms, found 0 plugins.
Preloading 0 native plugins for Editor in 0.00 ms.
Mono: successfully reloaded assembly
- Completed reload, in  0.831 seconds
Platform modules already initialized, skipping
Refreshing native plugins compatible for Editor in 0.27 ms, found 0 plugins.
Preloading 0 native plugins for Editor in 0.00 ms.
Unloading 1256 Unused Serialized files (Serialized files now loaded: 0)
System memory in use before: 65.4 MB.
System memory in use after: 65.5 MB.

Unloading 6 unused Assets to reduce memory usage. Loaded Objects now: 1784.
Total: 1.818400 ms (FindLiveObjects: 0.133700 ms CreateObjectMapping: 0.034000 ms MarkObjects: 1.556300 ms  DeleteObjects: 0.093600 ms)

========================================================================
Received Prepare
Registering precompiled user dll's ...
Registered in 0.000614 seconds.
Begin MonoManager ReloadAssembly
Native extension for WindowsStandalone target not found
Refreshing native plugins compatible for Editor in 0.23 ms, found 0 plugins.
Preloading 0 native plugins for Editor in 0.00 ms.
Mono: successfully reloaded assembly
- Completed reload, in  0.878 seconds
Platform modules already initialized, skipping
Refreshing native plugins compatible for Editor in 0.28 ms, found 0 plugins.
Preloading 0 native plugins for Editor in 0.00 ms.
Unloading 1256 Unused Serialized files (Serialized files now loaded: 0)
System memory in use before: 65.4 MB.
System memory in use after: 65.5 MB.

Unloading 6 unused Assets to reduce memory usage. Loaded Objects now: 1787.
Total: 1.836100 ms (FindLiveObjects: 0.138200 ms CreateObjectMapping: 0.036600 ms MarkObjects: 1.569400 ms  DeleteObjects: 0.091100 ms)

========================================================================
Received Prepare
Registering precompiled user dll's ...
Registered in 0.000567 seconds.
Begin MonoManager ReloadAssembly
Native extension for WindowsStandalone target not found
Refreshing native plugins compatible for Editor in 0.22 ms, found 0 plugins.
Preloading 0 native plugins for Editor in 0.00 ms.
Mono: successfully reloaded assembly
- Completed reload, in  0.862 seconds
Platform modules already initialized, skipping
Refreshing native plugins compatible for Editor in 0.27 ms, found 0 plugins.
Preloading 0 native plugins for Editor in 0.00 ms.
Unloading 1256 Unused Serialized files (Serialized files now loaded: 0)
System memory in use before: 65.4 MB.
System memory in use after: 65.5 MB.

Unloading 6 unused Assets to reduce memory usage. Loaded Objects now: 1790.
Total: 1.978500 ms (FindLiveObjects: 0.142400 ms CreateObjectMapping: 0.039700 ms MarkObjects: 1.705600 ms  DeleteObjects: 0.089700 ms)

========================================================================
Received Prepare
Registering precompiled user dll's ...
Registered in 0.000564 seconds.
Begin MonoManager ReloadAssembly
Native extension for WindowsStandalone target not found
Refreshing native plugins compatible for Editor in 0.23 ms, found 0 plugins.
Preloading 0 native plugins for Editor in 0.00 ms.
Mono: successfully reloaded assembly
- Completed reload, in  0.866 seconds
Platform modules already initialized, skipping
Refreshing native plugins compatible for Editor in 0.25 ms, found 0 plugins.
Preloading 0 native plugins for Editor in 0.00 ms.
Unloading 1256 Unused Serialized files (Serialized files now loaded: 0)
System memory in use before: 65.4 MB.
System memory in use after: 65.5 MB.

Unloading 6 unused Assets to reduce memory usage. Loaded Objects now: 1793.
Total: 1.807800 ms (FindLiveObjects: 0.133900 ms CreateObjectMapping: 0.036500 ms MarkObjects: 1.547900 ms  DeleteObjects: 0.088600 ms)

========================================================================
Received Prepare
Registering precompiled user dll's ...
Registered in 0.000736 seconds.
Begin MonoManager ReloadAssembly
Native extension for WindowsStandalone target not found
Refreshing native plugins compatible for Editor in 0.24 ms, found 0 plugins.
Preloading 0 native plugins for Editor in 0.00 ms.
Mono: successfully reloaded assembly
- Completed reload, in  0.899 seconds
Platform modules already initialized, skipping
Refreshing native plugins compatible for Editor in 0.28 ms, found 0 plugins.
Preloading 0 native plugins for Editor in 0.00 ms.
Unloading 1256 Unused Serialized files (Serialized files now loaded: 0)
System memory in use before: 65.4 MB.
System memory in use after: 65.5 MB.

Unloading 6 unused Assets to reduce memory usage. Loaded Objects now: 1796.
Total: 1.798800 ms (FindLiveObjects: 0.132800 ms CreateObjectMapping: 0.036100 ms MarkObjects: 1.541200 ms  DeleteObjects: 0.087800 ms)

========================================================================
Received Prepare
Registering precompiled user dll's ...
Registered in 0.000578 seconds.
Begin MonoManager ReloadAssembly
Native extension for WindowsStandalone target not found
Refreshing native plugins compatible for Editor in 0.22 ms, found 0 plugins.
Preloading 0 native plugins for Editor in 0.00 ms.
Mono: successfully reloaded assembly
- Completed reload, in  0.826 seconds
Platform modules already initialized, skipping
Refreshing native plugins compatible for Editor in 0.25 ms, found 0 plugins.
Preloading 0 native plugins for Editor in 0.00 ms.
Unloading 1256 Unused Serialized files (Serialized files now loaded: 0)
System memory in use before: 65.4 MB.
System memory in use after: 65.5 MB.

Unloading 6 unused Assets to reduce memory usage. Loaded Objects now: 1799.
Total: 2.222200 ms (FindLiveObjects: 0.181700 ms CreateObjectMapping: 0.054100 ms MarkObjects: 1.898300 ms  DeleteObjects: 0.087100 ms)

========================================================================
Received Prepare
Registering precompiled user dll's ...
Registered in 0.000572 seconds.
Begin MonoManager ReloadAssembly
Native extension for WindowsStandalone target not found
Refreshing native plugins compatible for Editor in 0.22 ms, found 0 plugins.
Preloading 0 native plugins for Editor in 0.00 ms.
Mono: successfully reloaded assembly
- Completed reload, in  0.931 seconds
Platform modules already initialized, skipping
Refreshing native plugins compatible for Editor in 0.24 ms, found 0 plugins.
Preloading 0 native plugins for Editor in 0.00 ms.
Unloading 1256 Unused Serialized files (Serialized files now loaded: 0)
System memory in use before: 65.4 MB.
System memory in use after: 65.5 MB.

Unloading 6 unused Assets to reduce memory usage. Loaded Objects now: 1802.
Total: 1.843400 ms (FindLiveObjects: 0.142900 ms CreateObjectMapping: 0.038100 ms MarkObjects: 1.572600 ms  DeleteObjects: 0.088800 ms)

AssetImportWorkerClient::OnTransportError - code=2 error=End of file
